<?xml version="1.0" encoding="UTF-8"?>
<testng-results ignored="0" total="2" passed="2" failed="0" skipped="0">
  <reporter-output>
  </reporter-output>
  <suite started-at="2023-01-27T22:49:07Z" name="Default suite" finished-at="2023-01-27T22:50:13Z" duration-ms="66495">
    <groups>
    </groups>
    <test started-at="2023-01-27T22:49:07Z" name="Default test" finished-at="2023-01-27T22:50:13Z" duration-ms="66495">
      <class name="org.dbradfordportfolio.ECommerce_tc_2">
        <test-method is-config="true" signature="ConfigureAppium()[pri:0, instance:org.dbradfordportfolio.ECommerce_tc_2@24569dba]" started-at="2023-01-27T22:49:07Z" name="ConfigureAppium" finished-at="2023-01-27T22:49:19Z" duration-ms="12018" status="PASS">
          <reporter-output>
          </reporter-output>
        </test-method> <!-- ConfigureAppium -->
        <test-method is-config="true" signature="preSetup()[pri:0, instance:org.dbradfordportfolio.ECommerce_tc_2@24569dba]" started-at="2023-01-27T22:49:19Z" name="preSetup" finished-at="2023-01-27T22:49:25Z" duration-ms="5823" status="PASS">
          <reporter-output>
          </reporter-output>
        </test-method> <!-- preSetup -->
        <test-method signature="FillForm()[pri:0, instance:org.dbradfordportfolio.ECommerce_tc_2@24569dba]" started-at="2023-01-27T22:49:25Z" name="FillForm" finished-at="2023-01-27T22:49:41Z" duration-ms="16122" status="PASS">
          <reporter-output>
          </reporter-output>
        </test-method> <!-- FillForm -->
        <test-method is-config="true" signature="preSetup()[pri:0, instance:org.dbradfordportfolio.ECommerce_tc_2@24569dba]" started-at="2023-01-27T22:49:41Z" name="preSetup" finished-at="2023-01-27T22:49:46Z" duration-ms="5760" status="PASS">
          <reporter-output>
          </reporter-output>
        </test-method> <!-- preSetup -->
        <test-method signature="FillForm_PositiveFlow()[pri:0, instance:org.dbradfordportfolio.ECommerce_tc_2@24569dba]" started-at="2023-01-27T22:49:46Z" name="FillForm_PositiveFlow" finished-at="2023-01-27T22:50:13Z" duration-ms="26419" status="PASS">
          <reporter-output>
          </reporter-output>
        </test-method> <!-- FillForm_PositiveFlow -->
        <test-method is-config="true" signature="tearDown()[pri:0, instance:org.dbradfordportfolio.ECommerce_tc_2@24569dba]" started-at="2023-01-27T22:50:13Z" name="tearDown" finished-at="2023-01-27T22:50:13Z" duration-ms="331" status="PASS">
          <reporter-output>
          </reporter-output>
        </test-method> <!-- tearDown -->
      </class> <!-- org.dbradfordportfolio.ECommerce_tc_2 -->
    </test> <!-- Default test -->
  </suite> <!-- Default suite -->
</testng-results>
