<?xml version="1.0" encoding="UTF-8"?>
<testng-results ignored="0" total="1" passed="1" failed="0" skipped="0">
  <reporter-output>
  </reporter-output>
  <suite started-at="2023-01-25T20:11:06Z" name="Default suite" finished-at="2023-01-25T20:11:59Z" duration-ms="53641">
    <groups>
    </groups>
    <test started-at="2023-01-25T20:11:06Z" name="Default test" finished-at="2023-01-25T20:11:59Z" duration-ms="53641">
      <class name="org.dbradfordportfolio.ECommerce_tc_4">
        <test-method is-config="true" signature="ConfigureAppium()[pri:0, instance:org.dbradfordportfolio.ECommerce_tc_4@221a3fa4]" started-at="2023-01-25T20:11:06Z" name="ConfigureAppium" finished-at="2023-01-25T20:11:22Z" duration-ms="16203" status="PASS">
          <reporter-output>
          </reporter-output>
        </test-method> <!-- ConfigureAppium -->
        <test-method signature="FillForm()[pri:0, instance:org.dbradfordportfolio.ECommerce_tc_4@221a3fa4]" started-at="2023-01-25T20:11:22Z" name="FillForm" finished-at="2023-01-25T20:11:57Z" duration-ms="35124" status="PASS">
          <reporter-output>
          </reporter-output>
        </test-method> <!-- FillForm -->
        <test-method is-config="true" signature="tearDown()[pri:0, instance:org.dbradfordportfolio.ECommerce_tc_4@221a3fa4]" started-at="2023-01-25T20:11:57Z" name="tearDown" finished-at="2023-01-25T20:11:59Z" duration-ms="2290" status="PASS">
          <reporter-output>
          </reporter-output>
        </test-method> <!-- tearDown -->
      </class> <!-- org.dbradfordportfolio.ECommerce_tc_4 -->
    </test> <!-- Default test -->
  </suite> <!-- Default suite -->
</testng-results>
